<?xml version="1.0" encoding="UTF-8"?>
<!-- Generated by org.testng.reporters.JUnitXMLReporter -->
<testsuite hostname="DESKTOP-5GI3OCP" ignored="0" name="Flipcart Test" tests="7" failures="0" timestamp="28 Feb 2022 21:38:33 GMT" time="79.678" errors="0">
  <testcase name="verifyLoginPageTitle" time="0.011" classname="com.tests.LoginPageTest"/>
  <testcase name="verifyHomePageTitleTest" time="0.006" classname="com.tests.HomePageTest"/>
  <testcase name="VerifyReturnLinkTest" time="3.157" classname="com.tests.LoginPageTest"/>
  <testcase name="verifyMyaccountLinkTest" time="0.072" classname="com.tests.HomePageTest"/>
  <testcase name="VerifyHomeDropdownListTest" time="2.362" classname="com.tests.LoginPageTest"/>
  <testcase name="searchBoxItemTest" time="2.199" classname="com.tests.LoginPageTest"/>
  <testcase name="doLoginTest" time="2.42" classname="com.tests.LoginPageTest"/>
</testsuite> <!-- Flipcart Test -->
